[debug] [2023-09-04T21:55:27.130Z] ----------------------------------------------------------------------
[debug] [2023-09-04T21:55:27.132Z] Command:       /Users/daryakutovaya/.nvm/versions/node/v16.19.0/bin/node /Users/daryakutovaya/.nvm/versions/node/v16.19.0/bin/firebase emulators:start --only functions
[debug] [2023-09-04T21:55:27.133Z] CLI Version:   12.5.2
[debug] [2023-09-04T21:55:27.133Z] Platform:      darwin
[debug] [2023-09-04T21:55:27.133Z] Node Version:  v16.19.0
[debug] [2023-09-04T21:55:27.135Z] Time:          Mon Sep 04 2023 14:55:27 GMT-0700 (Pacific Daylight Time)
[debug] [2023-09-04T21:55:27.135Z] ----------------------------------------------------------------------
[debug] 
[debug] [2023-09-04T21:55:27.235Z] > command requires scopes: ["email","openid","https://www.googleapis.com/auth/cloudplatformprojects.readonly","https://www.googleapis.com/auth/firebase","https://www.googleapis.com/auth/cloud-platform"]
[debug] [2023-09-04T21:55:27.235Z] > authorizing via signed-in user (kutovayadarya@gmail.com)
[info] i  emulators: Starting emulators: functions {"metadata":{"emulator":{"name":"hub"},"message":"Starting emulators: functions"}}
[debug] [2023-09-04T21:55:28.111Z] [logging] Logging Emulator only supports listening on one address (127.0.0.1). Not listening on ::1
[debug] [2023-09-04T21:55:28.112Z] assigned listening specs for emulators {"user":{"hub":[{"address":"127.0.0.1","family":"IPv4","port":4400},{"address":"::1","family":"IPv6","port":4400}],"ui":[{"address":"127.0.0.1","family":"IPv4","port":4000},{"address":"::1","family":"IPv6","port":4000}],"logging":[{"address":"127.0.0.1","family":"IPv4","port":4500}]},"metadata":{"message":"assigned listening specs for emulators"}}
[debug] [2023-09-04T21:55:28.120Z] [hub] writing locator at /var/folders/yj/xcngr7h14vb3yvv59gg1rd440000gn/T/hub-climateappfb.json
[debug] [2023-09-04T21:55:29.036Z] [functions] Functions Emulator only supports listening on one address (127.0.0.1). Not listening on ::1
[debug] [2023-09-04T21:55:29.037Z] [eventarc] Eventarc Emulator only supports listening on one address (127.0.0.1). Not listening on ::1
[debug] [2023-09-04T21:55:29.037Z] late-assigned ports for functions and eventarc emulators {"user":{"hub":[{"address":"127.0.0.1","family":"IPv4","port":4400},{"address":"::1","family":"IPv6","port":4400}],"ui":[{"address":"127.0.0.1","family":"IPv4","port":4000},{"address":"::1","family":"IPv6","port":4000}],"logging":[{"address":"127.0.0.1","family":"IPv4","port":4500}],"functions":[{"address":"127.0.0.1","family":"IPv4","port":5001}],"eventarc":[{"address":"127.0.0.1","family":"IPv4","port":9299}]},"metadata":{"message":"late-assigned ports for functions and eventarc emulators"}}
[warn] ⚠  functions: The following emulators are not running, calls to these services from the Functions emulator will affect production: auth, firestore, database, hosting, pubsub, storage {"metadata":{"emulator":{"name":"functions"},"message":"The following emulators are not running, calls to these services from the Functions emulator will affect production: \u001b[1mauth, firestore, database, hosting, pubsub, storage\u001b[22m"}}
[debug] [2023-09-04T21:55:29.041Z] defaultcredentials: writing to file /Users/daryakutovaya/.config/firebase/kutovayadarya_gmail_com_application_default_credentials.json
[debug] [2023-09-04T21:55:29.048Z] Setting GAC to /Users/daryakutovaya/.config/firebase/kutovayadarya_gmail_com_application_default_credentials.json {"metadata":{"emulator":{"name":"functions"},"message":"Setting GAC to /Users/daryakutovaya/.config/firebase/kutovayadarya_gmail_com_application_default_credentials.json"}}
[debug] [2023-09-04T21:55:29.050Z] >>> [apiv2][query] GET https://firebase.googleapis.com/v1beta1/projects/climateappfb/adminSdkConfig [none]
[debug] [2023-09-04T21:55:29.267Z] <<< [apiv2][status] GET https://firebase.googleapis.com/v1beta1/projects/climateappfb/adminSdkConfig 200
[debug] [2023-09-04T21:55:29.268Z] <<< [apiv2][body] GET https://firebase.googleapis.com/v1beta1/projects/climateappfb/adminSdkConfig {"projectId":"climateappfb","databaseURL":"https://climateappfb-default-rtdb.firebaseio.com","storageBucket":"climateappfb.appspot.com"}
[debug] [2023-09-04T21:55:29.299Z] Ignoring unsupported arg: auto_download {"metadata":{"emulator":{"name":"ui"},"message":"Ignoring unsupported arg: auto_download"}}
[debug] [2023-09-04T21:55:29.299Z] Ignoring unsupported arg: port {"metadata":{"emulator":{"name":"ui"},"message":"Ignoring unsupported arg: port"}}
[debug] [2023-09-04T21:55:29.299Z] Starting Emulator UI with command {"binary":"node","args":["/Users/daryakutovaya/.cache/firebase/emulators/ui-v1.11.7/server/server.js"],"optionalArgs":[],"joinArgs":false} {"metadata":{"emulator":{"name":"ui"},"message":"Starting Emulator UI with command {\"binary\":\"node\",\"args\":[\"/Users/daryakutovaya/.cache/firebase/emulators/ui-v1.11.7/server/server.js\"],\"optionalArgs\":[],\"joinArgs\":false}"}}
[info] i  ui: Emulator UI logging to ui-debug.log {"metadata":{"emulator":{"name":"ui"},"message":"Emulator UI logging to \u001b[1mui-debug.log\u001b[22m"}}
[debug] [2023-09-04T21:55:29.454Z] Web / API server started at 127.0.0.1:4000
Web / API server started at ::1:4000
 {"metadata":{"emulator":{"name":"ui"},"message":"Web / API server started at 127.0.0.1:4000\nWeb / API server started at ::1:4000\n"}}
[info] i  functions: Watching "/Users/daryakutovaya/Desktop/climate_fb/functions" for Cloud Functions... {"metadata":{"emulator":{"name":"functions"},"message":"Watching \"/Users/daryakutovaya/Desktop/climate_fb/functions\" for Cloud Functions..."}}
[debug] [2023-09-04T21:55:29.569Z] Validating nodejs source
[debug] [2023-09-04T21:55:30.434Z] > [functions] package.json contents: {
  "name": "functions",
  "description": "Cloud Functions for Firebase",
  "scripts": {
    "start": "firebase emulators:start --only functions",
    "shell": "firebase functions:shell",
    "run_shell": "npm run shell",
    "deploy": "firebase deploy --only functions",
    "logs": "firebase functions:log"
  },
  "engines": {
    "node": "18"
  },
  "main": "index.js",
  "dependencies": {
    "cors": "^2.8.5",
    "firebase-admin": "^11.8.0",
    "firebase-functions": "^4.3.1"
  },
  "devDependencies": {
    "firebase-functions-test": "^3.1.0"
  },
  "private": true
}
[debug] [2023-09-04T21:55:30.434Z] Building nodejs source
[debug] [2023-09-04T21:55:30.435Z] Failed to find version of module node: reached end of search path /Users/daryakutovaya/Desktop/climate_fb/functions/node_modules
[warn] ⚠  functions: Your requested "node" version "18" doesn't match your global version "16". Using node@16 from host. 
[debug] [2023-09-04T21:55:30.438Z] Could not find functions.yaml. Must use http discovery
[debug] [2023-09-04T21:55:30.446Z] Found firebase-functions binary at '/Users/daryakutovaya/Desktop/climate_fb/functions/node_modules/.bin/firebase-functions'
[info] Serving at port 8779

[debug] [2023-09-04T21:55:31.160Z] Got response from /__/functions.yaml {"endpoints":{"zips":{"availableMemoryMb":null,"timeoutSeconds":null,"minInstances":null,"maxInstances":null,"ingressSettings":null,"concurrency":null,"serviceAccountEmail":null,"vpc":null,"platform":"gcfv2","labels":{},"httpsTrigger":{},"entryPoint":"zips"}},"specVersion":"v1alpha1","requiredAPIs":[]}
[info] shutdown requested via /__/quitquitquit

[info] ✔  functions: Loaded functions definitions from source: zips. {"metadata":{"emulator":{"name":"functions"},"message":"Loaded functions definitions from source: zips."}}
[info] ✔  functions[us-central1-zips]: http function initialized (http://127.0.0.1:5001/climateappfb/us-central1/zips). {"metadata":{"emulator":{"name":"functions"},"message":"\u001b[1mhttp\u001b[22m function initialized (http://127.0.0.1:5001/climateappfb/us-central1/zips)."}}
[info] 
┌─────────────────────────────────────────────────────────────┐
│ ✔  All emulators ready! It is now safe to connect your app. │
│ i  View Emulator UI at http://127.0.0.1:4000/               │
└─────────────────────────────────────────────────────────────┘

┌───────────┬────────────────┬─────────────────────────────────┐
│ Emulator  │ Host:Port      │ View in Emulator UI             │
├───────────┼────────────────┼─────────────────────────────────┤
│ Functions │ 127.0.0.1:5001 │ http://127.0.0.1:4000/functions │
└───────────┴────────────────┴─────────────────────────────────┘
  Emulator Hub running at 127.0.0.1:4400
  Other reserved ports: 4500

Issues? Report them at https://github.com/firebase/firebase-tools/issues and attach the *-debug.log files.
 
[debug] [2023-09-04T21:55:42.245Z] [work-queue] {"queuedWork":["/climateappfb/us-central1/zips-2023-09-04T21:55:42.245Z"],"queueLength":1,"runningWork":[],"workRunningCount":0}
[debug] [2023-09-04T21:55:42.246Z] [work-queue] {"queuedWork":[],"queueLength":0,"runningWork":["/climateappfb/us-central1/zips-2023-09-04T21:55:42.245Z"],"workRunningCount":1}
[debug] [2023-09-04T21:55:42.246Z] Accepted request GET /climateappfb/us-central1/zips?zip=94102 --> us-central1-zips
[debug] [2023-09-04T21:55:42.248Z] [functions] Runtime ready! Sending request! {"metadata":{"emulator":{"name":"functions"},"message":"[functions] Runtime ready! Sending request!"}}
[debug] [2023-09-04T21:55:42.249Z] [functions] Got req.url=/climateappfb/us-central1/zips?zip=94102, mapping to path=/?zip=94102 {"metadata":{"emulator":{"name":"functions"},"message":"[functions] Got req.url=/climateappfb/us-central1/zips?zip=94102, mapping to path=/?zip=94102"}}
[debug] [2023-09-04T21:55:42.257Z] [worker-pool] addWorker(us-central1-zips) {"metadata":{"emulator":{"name":"functions"},"message":"[worker-pool] addWorker(us-central1-zips)"}}
[debug] [2023-09-04T21:55:42.258Z] [worker-pool] Adding worker with key us-central1-zips, total=1 {"metadata":{"emulator":{"name":"functions"},"message":"[worker-pool] Adding worker with key us-central1-zips, total=1"}}
[debug] [2023-09-04T21:55:43.266Z] [runtime-status] [45223] Resolved module firebase-admin {"declared":true,"installed":true,"version":"11.10.1","resolution":"/Users/daryakutovaya/Desktop/climate_fb/functions/node_modules/firebase-admin/lib/index.js"} {"metadata":{"emulator":{"name":"functions"},"function":{"name":"us-central1-zips"},"extension":{},"message":"[runtime-status] [45223] Resolved module firebase-admin {\"declared\":true,\"installed\":true,\"version\":\"11.10.1\",\"resolution\":\"/Users/daryakutovaya/Desktop/climate_fb/functions/node_modules/firebase-admin/lib/index.js\"}"}}
[debug] [2023-09-04T21:55:43.266Z] [runtime-status] [45223] Resolved module firebase-functions {"declared":true,"installed":true,"version":"4.4.1","resolution":"/Users/daryakutovaya/Desktop/climate_fb/functions/node_modules/firebase-functions/lib/v1/index.js"} {"metadata":{"emulator":{"name":"functions"},"function":{"name":"us-central1-zips"},"extension":{},"message":"[runtime-status] [45223] Resolved module firebase-functions {\"declared\":true,\"installed\":true,\"version\":\"4.4.1\",\"resolution\":\"/Users/daryakutovaya/Desktop/climate_fb/functions/node_modules/firebase-functions/lib/v1/index.js\"}"}}
[debug] [2023-09-04T21:55:43.267Z] [runtime-status] [45223] Outgoing network have been stubbed. [{"name":"http","status":"mocked"},{"name":"http","status":"mocked"},{"name":"https","status":"mocked"},{"name":"https","status":"mocked"},{"name":"net","status":"mocked"}] {"metadata":{"emulator":{"name":"functions"},"function":{"name":"us-central1-zips"},"extension":{},"message":"[runtime-status] [45223] Outgoing network have been stubbed. [{\"name\":\"http\",\"status\":\"mocked\"},{\"name\":\"http\",\"status\":\"mocked\"},{\"name\":\"https\",\"status\":\"mocked\"},{\"name\":\"https\",\"status\":\"mocked\"},{\"name\":\"net\",\"status\":\"mocked\"}]"}}
[debug] [2023-09-04T21:55:43.268Z] [runtime-status] [45223] Resolved module firebase-functions {"declared":true,"installed":true,"version":"4.4.1","resolution":"/Users/daryakutovaya/Desktop/climate_fb/functions/node_modules/firebase-functions/lib/v1/index.js"} {"metadata":{"emulator":{"name":"functions"},"function":{"name":"us-central1-zips"},"extension":{},"message":"[runtime-status] [45223] Resolved module firebase-functions {\"declared\":true,\"installed\":true,\"version\":\"4.4.1\",\"resolution\":\"/Users/daryakutovaya/Desktop/climate_fb/functions/node_modules/firebase-functions/lib/v1/index.js\"}"}}
[debug] [2023-09-04T21:55:43.480Z] [runtime-status] [45223] Checked functions.config() {"config":{}} {"metadata":{"emulator":{"name":"functions"},"function":{"name":"us-central1-zips"},"extension":{},"message":"[runtime-status] [45223] Checked functions.config() {\"config\":{}}"}}
[debug] [2023-09-04T21:55:43.480Z] [runtime-status] [45223] firebase-functions has been stubbed. {"functionsResolution":{"declared":true,"installed":true,"version":"4.4.1","resolution":"/Users/daryakutovaya/Desktop/climate_fb/functions/node_modules/firebase-functions/lib/v1/index.js"}} {"metadata":{"emulator":{"name":"functions"},"function":{"name":"us-central1-zips"},"extension":{},"message":"[runtime-status] [45223] firebase-functions has been stubbed. {\"functionsResolution\":{\"declared\":true,\"installed\":true,\"version\":\"4.4.1\",\"resolution\":\"/Users/daryakutovaya/Desktop/climate_fb/functions/node_modules/firebase-functions/lib/v1/index.js\"}}"}}
[debug] [2023-09-04T21:55:43.481Z] [runtime-status] [45223] Resolved module firebase-functions {"declared":true,"installed":true,"version":"4.4.1","resolution":"/Users/daryakutovaya/Desktop/climate_fb/functions/node_modules/firebase-functions/lib/v1/index.js"} {"metadata":{"emulator":{"name":"functions"},"function":{"name":"us-central1-zips"},"extension":{},"message":"[runtime-status] [45223] Resolved module firebase-functions {\"declared\":true,\"installed\":true,\"version\":\"4.4.1\",\"resolution\":\"/Users/daryakutovaya/Desktop/climate_fb/functions/node_modules/firebase-functions/lib/v1/index.js\"}"}}
[debug] [2023-09-04T21:55:43.482Z] [runtime-status] [45223] Resolved module firebase-admin {"declared":true,"installed":true,"version":"11.10.1","resolution":"/Users/daryakutovaya/Desktop/climate_fb/functions/node_modules/firebase-admin/lib/index.js"} {"metadata":{"emulator":{"name":"functions"},"function":{"name":"us-central1-zips"},"extension":{},"message":"[runtime-status] [45223] Resolved module firebase-admin {\"declared\":true,\"installed\":true,\"version\":\"11.10.1\",\"resolution\":\"/Users/daryakutovaya/Desktop/climate_fb/functions/node_modules/firebase-admin/lib/index.js\"}"}}
[debug] [2023-09-04T21:55:43.484Z] [runtime-status] [45223] Resolved module firebase-functions {"declared":true,"installed":true,"version":"4.4.1","resolution":"/Users/daryakutovaya/Desktop/climate_fb/functions/node_modules/firebase-functions/lib/v1/index.js"} {"metadata":{"emulator":{"name":"functions"},"function":{"name":"us-central1-zips"},"extension":{},"message":"[runtime-status] [45223] Resolved module firebase-functions {\"declared\":true,\"installed\":true,\"version\":\"4.4.1\",\"resolution\":\"/Users/daryakutovaya/Desktop/climate_fb/functions/node_modules/firebase-functions/lib/v1/index.js\"}"}}
[debug] [2023-09-04T21:55:43.484Z] [runtime-status] [45223] firebase-admin has been stubbed. {"adminResolution":{"declared":true,"installed":true,"version":"11.10.1","resolution":"/Users/daryakutovaya/Desktop/climate_fb/functions/node_modules/firebase-admin/lib/index.js"}} {"metadata":{"emulator":{"name":"functions"},"function":{"name":"us-central1-zips"},"extension":{},"message":"[runtime-status] [45223] firebase-admin has been stubbed. {\"adminResolution\":{\"declared\":true,\"installed\":true,\"version\":\"11.10.1\",\"resolution\":\"/Users/daryakutovaya/Desktop/climate_fb/functions/node_modules/firebase-admin/lib/index.js\"}}"}}
[debug] [2023-09-04T21:55:43.523Z] [runtime-status] [45223] initializeApp(DEFAULT) {"credential":{"implicit":false,"projectId":"climateappfb","privateKey":"-----BEGIN PRIVATE KEY-----\nMIIEvQIBADANBgkqhkiG9w0BAQEFAASCBKcwggSjAgEAAoIBAQC3OXDReHWMp5xg\ntEihyut6LXt3IIJgIQhIXCr2uJcm05wY9N40cRuRItFAvRzWV6Vox573kbyY31NH\nU7oI8UD2ws9yPrL5DQLzxcm7bQuvZtWIPrXaVFmrsr7t+Y9EH8KOKJ3oaIEydiZe\nHMiSxgH6pmyTu/r15DA0Kiy1s0YhGCQ9o+BZDLxnCCTb+c/j4wXzMrjqB3kfk73d\n4UMUW6ZAqK120Ulc3awXwbYQi5lxsLwmczrkOi2RyMNvIzj+e0cffV2Rew/R9Lnl\nZn30nchVjjf8BYCmhzG4Bl/D5pt1EyDkS9Q43Dz9ym5fzuDnQ7R2KDBwQaG0zGBs\nkM1o2PxlAgMBAAECggEALcXzWdlaoId1CTGw3X6Ywl6fdBzShVprO8yOzTFDTada\n3V87LeW96c3FcgNss12VDK6mF5o4gAZ2wyB3HunKfXsgoR1pz89A2A6m/aRZ4Xly\nygVEoCUne739de09LdszWxlpjZiiAi3DGwrcztIZx3kRMf0pzokxw65vmfsN/5Ef\nrO796gsQZyhU9giC2Ni+bGBOKFrDpZ3gIX6FEx2ur/E536onNe/0aGKpNU1Gu0l4\n4sH/D8lZqgCuRgfxlEwks8syXlMHpDBHkjHDF8GPbkrHss7wT1GimPVFpD4JDJh5\nzI2IYDk02xrsRLT0ItdyT2vr84yPKsrXUxQMTDFLxwKBgQD4cOF2UGSOKnggvs9f\ne82iCnQNqXpLvyKLVcSkSbNczZh0OwckNGjbiyP+r9+7heZj0R0dOlPa1TVTD4+p\nhav1mv0/x77VWebYy3g7LFzhB6z2CgJyCwqGv/ufV8tbn8fguZ0rFA7UuEJjcDon\n4x5g1TCWZbFkbRx2RscLoYmtpwKBgQC8zJW2nEbK89YCN11CBFEZjueceUGtzf7K\n/AbYmoCbGzzJ+jxCKU5OP9elaZeIIh9K6ADxFMHgYp3lJbZLRZc5cGzpsEoQF5Db\nmQvE75FbA0MBjBYxkr1Q630EjkqvMMeW7ih1UHbsagd8V3B/IpB2RbhHK8oq0vbo\nb82Q9ZM/EwKBgGjliFyjLwHTrqrsxbQkGru7PCr0jt1ik1xPV1qif6fEawVQUwCX\nXFquEgGcEpQjwhYNGgTYNsWj1gL/BAJonSVzTlBarxl3/v80UcxyO7kLu5yat1Od\nk9E3SC+MKyHBgexBkrm4m1Z3ghhoLzXeMFpkSUKHJ3Imm6jY03v2taHrAoGAEYJv\nyBXKQvxGNsJntb2sv9APDuX3/2SBYtXo1KHPl5L5GkpI2GH4Ty2AlGiskwWHHW1S\n2QjxyhubRSswMt7rXXpdv3aIB+IHnzYcb1FAi85LopMZY9OWFzEf0RJZPtIpUIgZ\n3Hdv8BENTKzXVBMijrV8l60p/LrAB2KHEBCWbV0CgYEAlRy0tnWP7MF3UbNoj/ww\n2OHkj4lFqqcquf1daWfvGlgY1wZXgtiHpt6HD28PYsssYoN40jwR7RRwDDvopbmC\nlZLQQ16EBoJBQFlf2p4Y/pOkLuu6+Kw5C8Ezo1m5R4/UlhC2CTTTD/w17uAGzXzO\ndkQtJZ8w5be+kYJO0SoEnAI=\n-----END PRIVATE KEY-----\n","clientEmail":"firebase-adminsdk-kcd39@climateappfb.iam.gserviceaccount.com","httpClient":{"retry":{"maxRetries":4,"statusCodes":[503],"ioErrorCodes":["ECONNRESET","ETIMEDOUT"],"backOffFactor":0.5,"maxDelayInMillis":60000}}}} {"metadata":{"emulator":{"name":"functions"},"function":{"name":"us-central1-zips"},"extension":{},"message":"[runtime-status] [45223] initializeApp(DEFAULT) {\"credential\":{\"implicit\":false,\"projectId\":\"climateappfb\",\"privateKey\":\"-----BEGIN PRIVATE KEY-----\\nMIIEvQIBADANBgkqhkiG9w0BAQEFAASCBKcwggSjAgEAAoIBAQC3OXDReHWMp5xg\\ntEihyut6LXt3IIJgIQhIXCr2uJcm05wY9N40cRuRItFAvRzWV6Vox573kbyY31NH\\nU7oI8UD2ws9yPrL5DQLzxcm7bQuvZtWIPrXaVFmrsr7t+Y9EH8KOKJ3oaIEydiZe\\nHMiSxgH6pmyTu/r15DA0Kiy1s0YhGCQ9o+BZDLxnCCTb+c/j4wXzMrjqB3kfk73d\\n4UMUW6ZAqK120Ulc3awXwbYQi5lxsLwmczrkOi2RyMNvIzj+e0cffV2Rew/R9Lnl\\nZn30nchVjjf8BYCmhzG4Bl/D5pt1EyDkS9Q43Dz9ym5fzuDnQ7R2KDBwQaG0zGBs\\nkM1o2PxlAgMBAAECggEALcXzWdlaoId1CTGw3X6Ywl6fdBzShVprO8yOzTFDTada\\n3V87LeW96c3FcgNss12VDK6mF5o4gAZ2wyB3HunKfXsgoR1pz89A2A6m/aRZ4Xly\\nygVEoCUne739de09LdszWxlpjZiiAi3DGwrcztIZx3kRMf0pzokxw65vmfsN/5Ef\\nrO796gsQZyhU9giC2Ni+bGBOKFrDpZ3gIX6FEx2ur/E536onNe/0aGKpNU1Gu0l4\\n4sH/D8lZqgCuRgfxlEwks8syXlMHpDBHkjHDF8GPbkrHss7wT1GimPVFpD4JDJh5\\nzI2IYDk02xrsRLT0ItdyT2vr84yPKsrXUxQMTDFLxwKBgQD4cOF2UGSOKnggvs9f\\ne82iCnQNqXpLvyKLVcSkSbNczZh0OwckNGjbiyP+r9+7heZj0R0dOlPa1TVTD4+p\\nhav1mv0/x77VWebYy3g7LFzhB6z2CgJyCwqGv/ufV8tbn8fguZ0rFA7UuEJjcDon\\n4x5g1TCWZbFkbRx2RscLoYmtpwKBgQC8zJW2nEbK89YCN11CBFEZjueceUGtzf7K\\n/AbYmoCbGzzJ+jxCKU5OP9elaZeIIh9K6ADxFMHgYp3lJbZLRZc5cGzpsEoQF5Db\\nmQvE75FbA0MBjBYxkr1Q630EjkqvMMeW7ih1UHbsagd8V3B/IpB2RbhHK8oq0vbo\\nb82Q9ZM/EwKBgGjliFyjLwHTrqrsxbQkGru7PCr0jt1ik1xPV1qif6fEawVQUwCX\\nXFquEgGcEpQjwhYNGgTYNsWj1gL/BAJonSVzTlBarxl3/v80UcxyO7kLu5yat1Od\\nk9E3SC+MKyHBgexBkrm4m1Z3ghhoLzXeMFpkSUKHJ3Imm6jY03v2taHrAoGAEYJv\\nyBXKQvxGNsJntb2sv9APDuX3/2SBYtXo1KHPl5L5GkpI2GH4Ty2AlGiskwWHHW1S\\n2QjxyhubRSswMt7rXXpdv3aIB+IHnzYcb1FAi85LopMZY9OWFzEf0RJZPtIpUIgZ\\n3Hdv8BENTKzXVBMijrV8l60p/LrAB2KHEBCWbV0CgYEAlRy0tnWP7MF3UbNoj/ww\\n2OHkj4lFqqcquf1daWfvGlgY1wZXgtiHpt6HD28PYsssYoN40jwR7RRwDDvopbmC\\nlZLQQ16EBoJBQFlf2p4Y/pOkLuu6+Kw5C8Ezo1m5R4/UlhC2CTTTD/w17uAGzXzO\\ndkQtJZ8w5be+kYJO0SoEnAI=\\n-----END PRIVATE KEY-----\\n\",\"clientEmail\":\"firebase-adminsdk-kcd39@climateappfb.iam.gserviceaccount.com\",\"httpClient\":{\"retry\":{\"maxRetries\":4,\"statusCodes\":[503],\"ioErrorCodes\":[\"ECONNRESET\",\"ETIMEDOUT\"],\"backOffFactor\":0.5,\"maxDelayInMillis\":60000}}}}"}}
[debug] [2023-09-04T21:55:43.536Z] [runtime-status] [45223] Functions runtime initialized. {"cwd":"/Users/daryakutovaya/Desktop/climate_fb/functions","node_version":"16.19.0"} {"metadata":{"emulator":{"name":"functions"},"function":{"name":"us-central1-zips"},"extension":{},"message":"[runtime-status] [45223] Functions runtime initialized. {\"cwd\":\"/Users/daryakutovaya/Desktop/climate_fb/functions\",\"node_version\":\"16.19.0\"}"}}
[debug] [2023-09-04T21:55:43.536Z] [runtime-status] [45223] Listening to port: /var/folders/yj/xcngr7h14vb3yvv59gg1rd440000gn/T/fire_emu_f9436f2356fb0f18.sock {"metadata":{"emulator":{"name":"functions"},"function":{"name":"us-central1-zips"},"extension":{},"message":"[runtime-status] [45223] Listening to port: /var/folders/yj/xcngr7h14vb3yvv59gg1rd440000gn/T/fire_emu_f9436f2356fb0f18.sock"}}
[debug] [2023-09-04T21:55:43.583Z] [worker-us-central1-zips-bbb3a9df-4093-415d-af9b-64173407439d]: IDLE {"metadata":{"emulator":{"name":"functions"},"function":{"name":"us-central1-zips"},"extension":{},"message":"[worker-us-central1-zips-bbb3a9df-4093-415d-af9b-64173407439d]: IDLE"}}
[debug] [2023-09-04T21:55:43.583Z] [worker-pool] submitRequest(triggerId=us-central1-zips) {"metadata":{"emulator":{"name":"functions"},"message":"[worker-pool] submitRequest(triggerId=us-central1-zips)"}}
[info] i  functions: Beginning execution of "us-central1-zips" {"metadata":{"emulator":{"name":"functions"},"function":{"name":"us-central1-zips"},"extension":{},"message":"Beginning execution of \"us-central1-zips\""}}
[debug] [2023-09-04T21:55:43.584Z] [worker-us-central1-zips-bbb3a9df-4093-415d-af9b-64173407439d]: BUSY {"metadata":{"emulator":{"name":"functions"},"function":{"name":"us-central1-zips"},"extension":{},"message":"[worker-us-central1-zips-bbb3a9df-4093-415d-af9b-64173407439d]: BUSY"}}
[warn] ⚠  functions: The Cloud Firestore emulator is not running, so calls to Firestore will affect production. {"metadata":{"emulator":{"name":"functions"},"function":{"name":"us-central1-zips"},"extension":{},"message":"The Cloud Firestore emulator is not running, so calls to Firestore will affect production."}}
[debug] [2023-09-04T21:55:44.283Z] Finishing up request with event=pause {"metadata":{"emulator":{"name":"functions"},"function":{"name":"us-central1-zips"},"extension":{},"message":"Finishing up request with event=pause"}}
[info] i  functions: Finished "us-central1-zips" in 698.83933ms {"metadata":{"emulator":{"name":"functions"},"function":{"name":"us-central1-zips"},"extension":{},"message":"Finished \"us-central1-zips\" in 698.83933ms"}}
[debug] [2023-09-04T21:55:44.283Z] [worker-us-central1-zips-bbb3a9df-4093-415d-af9b-64173407439d]: IDLE {"metadata":{"emulator":{"name":"functions"},"function":{"name":"us-central1-zips"},"extension":{},"message":"[worker-us-central1-zips-bbb3a9df-4093-415d-af9b-64173407439d]: IDLE"}}
[debug] [2023-09-04T21:55:44.283Z] Finishing up request with event=finish {"metadata":{"emulator":{"name":"functions"},"function":{"name":"us-central1-zips"},"extension":{},"message":"Finishing up request with event=finish"}}
[debug] [2023-09-04T21:55:44.283Z] Finishing up request with event=close {"metadata":{"emulator":{"name":"functions"},"function":{"name":"us-central1-zips"},"extension":{},"message":"Finishing up request with event=close"}}
[debug] [2023-09-04T21:55:44.284Z] [work-queue] {"queuedWork":[],"queueLength":0,"runningWork":[],"workRunningCount":0}
[debug] [2023-09-04T21:56:02.306Z] [work-queue] {"queuedWork":["/climateappfb/us-central1/zips-2023-09-04T21:56:02.306Z"],"queueLength":1,"runningWork":[],"workRunningCount":0}
[debug] [2023-09-04T21:56:02.307Z] [work-queue] {"queuedWork":[],"queueLength":0,"runningWork":["/climateappfb/us-central1/zips-2023-09-04T21:56:02.306Z"],"workRunningCount":1}
[debug] [2023-09-04T21:56:02.307Z] Accepted request GET /climateappfb/us-central1/zips?zip=94102 --> us-central1-zips
[debug] [2023-09-04T21:56:02.308Z] [functions] Runtime ready! Sending request! {"metadata":{"emulator":{"name":"functions"},"message":"[functions] Runtime ready! Sending request!"}}
[debug] [2023-09-04T21:56:02.309Z] [functions] Got req.url=/climateappfb/us-central1/zips?zip=94102, mapping to path=/?zip=94102 {"metadata":{"emulator":{"name":"functions"},"message":"[functions] Got req.url=/climateappfb/us-central1/zips?zip=94102, mapping to path=/?zip=94102"}}
[debug] [2023-09-04T21:56:02.309Z] [worker-pool] submitRequest(triggerId=us-central1-zips) {"metadata":{"emulator":{"name":"functions"},"message":"[worker-pool] submitRequest(triggerId=us-central1-zips)"}}
[info] i  functions: Beginning execution of "us-central1-zips" {"metadata":{"emulator":{"name":"functions"},"function":{"name":"us-central1-zips"},"extension":{},"message":"Beginning execution of \"us-central1-zips\""}}
[debug] [2023-09-04T21:56:02.309Z] [worker-us-central1-zips-bbb3a9df-4093-415d-af9b-64173407439d]: BUSY {"metadata":{"emulator":{"name":"functions"},"function":{"name":"us-central1-zips"},"extension":{},"message":"[worker-us-central1-zips-bbb3a9df-4093-415d-af9b-64173407439d]: BUSY"}}
[debug] [2023-09-04T21:56:02.490Z] Finishing up request with event=pause {"metadata":{"emulator":{"name":"functions"},"function":{"name":"us-central1-zips"},"extension":{},"message":"Finishing up request with event=pause"}}
[info] i  functions: Finished "us-central1-zips" in 181.499651ms {"metadata":{"emulator":{"name":"functions"},"function":{"name":"us-central1-zips"},"extension":{},"message":"Finished \"us-central1-zips\" in 181.499651ms"}}
[debug] [2023-09-04T21:56:02.491Z] [worker-us-central1-zips-bbb3a9df-4093-415d-af9b-64173407439d]: IDLE {"metadata":{"emulator":{"name":"functions"},"function":{"name":"us-central1-zips"},"extension":{},"message":"[worker-us-central1-zips-bbb3a9df-4093-415d-af9b-64173407439d]: IDLE"}}
[debug] [2023-09-04T21:56:02.491Z] Finishing up request with event=finish {"metadata":{"emulator":{"name":"functions"},"function":{"name":"us-central1-zips"},"extension":{},"message":"Finishing up request with event=finish"}}
[debug] [2023-09-04T21:56:02.491Z] Finishing up request with event=close {"metadata":{"emulator":{"name":"functions"},"function":{"name":"us-central1-zips"},"extension":{},"message":"Finishing up request with event=close"}}
[debug] [2023-09-04T21:56:02.491Z] [work-queue] {"queuedWork":[],"queueLength":0,"runningWork":[],"workRunningCount":0}
